[0m12:54:38.373681 [debug] [MainThread]: Sending event: {'category': 'dbt', 'action': 'invocation', 'label': 'start', 'context': [<snowplow_tracker.self_describing_json.SelfDescribingJson object at 0xffffad945eb0>, <snowplow_tracker.self_describing_json.SelfDescribingJson object at 0xffffaca43850>, <snowplow_tracker.self_describing_json.SelfDescribingJson object at 0xffffaca437f0>]}


============================== 12:54:38.378905 | ee344545-a8b0-40bd-a2d8-eba9dc2e6ce1 ==============================
[0m12:54:38.378905 [info ] [MainThread]: Running with dbt=1.9.4
[0m12:54:38.379445 [debug] [MainThread]: running dbt with arguments {'printer_width': '80', 'indirect_selection': 'eager', 'write_json': 'True', 'log_cache_events': 'False', 'partial_parse': 'True', 'cache_selected_only': 'False', 'profiles_dir': '/opt/airflow/dags/dbt', 'version_check': 'True', 'warn_error': 'None', 'log_path': '/opt/airflow/dags/dbt/homework/logs', 'debug': 'False', 'fail_fast': 'False', 'use_colors': 'True', 'use_experimental_parser': 'False', 'no_print': 'None', 'quiet': 'False', 'empty': 'None', 'log_format': 'default', 'static_parser': 'True', 'introspect': 'True', 'invocation_command': 'dbt deps --profiles-dir /opt/airflow/dags/dbt --project-dir /opt/airflow/dags/dbt/homework', 'target_path': 'None', 'warn_error_options': 'WarnErrorOptions(include=[], exclude=[])', 'send_anonymous_usage_stats': 'True'}
[0m12:54:38.459003 [debug] [MainThread]: Sending event: {'category': 'dbt', 'action': 'project_id', 'label': 'ee344545-a8b0-40bd-a2d8-eba9dc2e6ce1', 'context': [<snowplow_tracker.self_describing_json.SelfDescribingJson object at 0xffffaca71400>]}
[0m12:54:38.467224 [debug] [MainThread]: Set downloads directory='/tmp/dbt-downloads-dxsa9sx4'
[0m12:54:38.467925 [debug] [MainThread]: Making package index registry request: GET https://hub.getdbt.com/api/v1/index.json
[0m12:54:38.800487 [debug] [MainThread]: Response from registry index: GET https://hub.getdbt.com/api/v1/index.json 200
[0m12:54:38.801229 [debug] [MainThread]: Making package registry request: GET https://hub.getdbt.com/api/v1/Matts52/dbt_ml_inline_preprocessing.json
[0m12:54:38.988139 [debug] [MainThread]: Sending event: {'category': 'dbt', 'action': 'invocation', 'label': 'start', 'context': [<snowplow_tracker.self_describing_json.SelfDescribingJson object at 0xffff81dd8ee0>, <snowplow_tracker.self_describing_json.SelfDescribingJson object at 0xffff80ec3940>, <snowplow_tracker.self_describing_json.SelfDescribingJson object at 0xffff80ec38e0>]}


============================== 12:54:38.993266 | f89b730e-b38f-4130-bd8e-1e7f06a0f73a ==============================
[0m12:54:38.993266 [info ] [MainThread]: Running with dbt=1.9.4
[0m12:54:38.993991 [debug] [MainThread]: running dbt with arguments {'printer_width': '80', 'indirect_selection': 'eager', 'log_cache_events': 'False', 'write_json': 'True', 'partial_parse': 'True', 'cache_selected_only': 'False', 'warn_error': 'None', 'debug': 'False', 'version_check': 'True', 'log_path': '/opt/airflow/dags/dbt/homework/logs', 'fail_fast': 'False', 'profiles_dir': '/opt/airflow/dags/dbt', 'use_colors': 'True', 'use_experimental_parser': 'False', 'no_print': 'None', 'quiet': 'False', 'empty': 'None', 'log_format': 'default', 'introspect': 'True', 'static_parser': 'True', 'warn_error_options': 'WarnErrorOptions(include=[], exclude=[])', 'target_path': 'None', 'invocation_command': 'dbt deps --profiles-dir /opt/airflow/dags/dbt --project-dir /opt/airflow/dags/dbt/homework', 'send_anonymous_usage_stats': 'True'}
[0m12:54:39.073680 [debug] [MainThread]: Sending event: {'category': 'dbt', 'action': 'project_id', 'label': 'f89b730e-b38f-4130-bd8e-1e7f06a0f73a', 'context': [<snowplow_tracker.self_describing_json.SelfDescribingJson object at 0xffff80fa6be0>]}
[0m12:54:39.081925 [debug] [MainThread]: Set downloads directory='/tmp/dbt-downloads-9om3qyh3'
[0m12:54:39.082560 [debug] [MainThread]: Making package index registry request: GET https://hub.getdbt.com/api/v1/index.json
[0m12:54:39.218527 [debug] [MainThread]: Response from registry: GET https://hub.getdbt.com/api/v1/Matts52/dbt_ml_inline_preprocessing.json 200
[0m12:54:39.222832 [debug] [MainThread]: Making package registry request: GET https://hub.getdbt.com/api/v1/dbt-labs/dbt_utils.json
[0m12:54:39.276361 [debug] [MainThread]: Response from registry index: GET https://hub.getdbt.com/api/v1/index.json 200
[0m12:54:39.277169 [debug] [MainThread]: Making package registry request: GET https://hub.getdbt.com/api/v1/Matts52/dbt_ml_inline_preprocessing.json
[0m12:54:39.394329 [debug] [MainThread]: Response from registry: GET https://hub.getdbt.com/api/v1/dbt-labs/dbt_utils.json 200
[0m12:54:39.409383 [info ] [MainThread]: Updating lock file in file path: /opt/airflow/dags/dbt/homework/package-lock.yml
[0m12:54:39.413084 [debug] [MainThread]: Set downloads directory='/tmp/dbt-downloads-_0i0vyv7'
[0m12:54:39.417447 [info ] [MainThread]: Installing Matts52/dbt_ml_inline_preprocessing
[0m12:54:39.452117 [debug] [MainThread]: Response from registry: GET https://hub.getdbt.com/api/v1/Matts52/dbt_ml_inline_preprocessing.json 200
[0m12:54:39.456226 [debug] [MainThread]: Making package registry request: GET https://hub.getdbt.com/api/v1/dbt-labs/dbt_utils.json
[0m12:54:39.656871 [debug] [MainThread]: Response from registry: GET https://hub.getdbt.com/api/v1/dbt-labs/dbt_utils.json 200
[0m12:54:39.674825 [info ] [MainThread]: Updating lock file in file path: /opt/airflow/dags/dbt/homework/package-lock.yml
[0m12:54:39.680199 [debug] [MainThread]: Set downloads directory='/tmp/dbt-downloads-j7o2t4j4'
[0m12:54:39.684631 [info ] [MainThread]: Installing Matts52/dbt_ml_inline_preprocessing
[0m12:54:40.338743 [info ] [MainThread]: Installed from version 0.2.4
[0m12:54:40.339202 [info ] [MainThread]: Up to date!
[0m12:54:40.339531 [debug] [MainThread]: Sending event: {'category': 'dbt', 'action': 'package', 'label': 'ee344545-a8b0-40bd-a2d8-eba9dc2e6ce1', 'property_': 'install', 'context': [<snowplow_tracker.self_describing_json.SelfDescribingJson object at 0xffffac9a7790>, <snowplow_tracker.self_describing_json.SelfDescribingJson object at 0xffffac8d6e50>]}
[0m12:54:40.339877 [info ] [MainThread]: Installing dbt-labs/dbt_utils
[0m12:54:40.535501 [info ] [MainThread]: Installed from version 0.2.4
[0m12:54:40.536309 [info ] [MainThread]: Up to date!
[0m12:54:40.536814 [debug] [MainThread]: Sending event: {'category': 'dbt', 'action': 'package', 'label': 'f89b730e-b38f-4130-bd8e-1e7f06a0f73a', 'property_': 'install', 'context': [<snowplow_tracker.self_describing_json.SelfDescribingJson object at 0xffff82b28940>, <snowplow_tracker.self_describing_json.SelfDescribingJson object at 0xffff80d56d00>]}
[0m12:54:40.537381 [info ] [MainThread]: Installing dbt-labs/dbt_utils
[0m12:54:40.929806 [info ] [MainThread]: Installed from version 1.3.0
[0m12:54:40.930326 [info ] [MainThread]: Up to date!
[0m12:54:40.930746 [debug] [MainThread]: Sending event: {'category': 'dbt', 'action': 'package', 'label': 'ee344545-a8b0-40bd-a2d8-eba9dc2e6ce1', 'property_': 'install', 'context': [<snowplow_tracker.self_describing_json.SelfDescribingJson object at 0xffffac9a7790>, <snowplow_tracker.self_describing_json.SelfDescribingJson object at 0xffffac8d6070>]}
[0m12:54:40.931960 [debug] [MainThread]: Resource report: {"command_name": "deps", "command_success": true, "command_wall_clock_time": 2.5952938, "process_in_blocks": "0", "process_kernel_time": 0.153433, "process_mem_max_rss": "89044", "process_out_blocks": "13550", "process_user_time": 1.534335}
[0m12:54:40.932674 [debug] [MainThread]: Command `dbt deps` succeeded at 12:54:40.932560 after 2.60 seconds
[0m12:54:40.933111 [debug] [MainThread]: Sending event: {'category': 'dbt', 'action': 'invocation', 'label': 'end', 'context': [<snowplow_tracker.self_describing_json.SelfDescribingJson object at 0xffffad945eb0>, <snowplow_tracker.self_describing_json.SelfDescribingJson object at 0xffffaca71400>, <snowplow_tracker.self_describing_json.SelfDescribingJson object at 0xffffac969af0>]}
[0m12:54:40.933612 [debug] [MainThread]: Flushing usage events
[0m12:54:41.168215 [info ] [MainThread]: Installed from version 1.3.0
[0m12:54:41.168893 [info ] [MainThread]: Up to date!
[0m12:54:41.169358 [debug] [MainThread]: Sending event: {'category': 'dbt', 'action': 'package', 'label': 'f89b730e-b38f-4130-bd8e-1e7f06a0f73a', 'property_': 'install', 'context': [<snowplow_tracker.self_describing_json.SelfDescribingJson object at 0xffff82b28940>, <snowplow_tracker.self_describing_json.SelfDescribingJson object at 0xffff80d56df0>]}
[0m12:54:41.170547 [debug] [MainThread]: Resource report: {"command_name": "deps", "command_success": true, "command_wall_clock_time": 2.2171593, "process_in_blocks": "0", "process_kernel_time": 0.148388, "process_mem_max_rss": "88644", "process_out_blocks": "13550", "process_user_time": 1.544044}
[0m12:54:41.171230 [debug] [MainThread]: Command `dbt deps` succeeded at 12:54:41.171132 after 2.22 seconds
[0m12:54:41.171705 [debug] [MainThread]: Sending event: {'category': 'dbt', 'action': 'invocation', 'label': 'end', 'context': [<snowplow_tracker.self_describing_json.SelfDescribingJson object at 0xffff81dd8ee0>, <snowplow_tracker.self_describing_json.SelfDescribingJson object at 0xffff81c4eb20>, <snowplow_tracker.self_describing_json.SelfDescribingJson object at 0xffff80fa6cd0>]}
[0m12:54:41.172150 [debug] [MainThread]: Flushing usage events
[0m12:54:41.800802 [debug] [MainThread]: An error was encountered while trying to flush usage events
[0m12:54:41.801179 [debug] [MainThread]: An error was encountered while trying to flush usage events
[0m22:14:05.558203 [debug] [MainThread]: Sending event: {'category': 'dbt', 'action': 'invocation', 'label': 'start', 'context': [<snowplow_tracker.self_describing_json.SelfDescribingJson object at 0xffff92f651f0>, <snowplow_tracker.self_describing_json.SelfDescribingJson object at 0xffff920b02b0>, <snowplow_tracker.self_describing_json.SelfDescribingJson object at 0xffff920b0e20>]}
[0m22:14:05.562213 [debug] [MainThread]: Sending event: {'category': 'dbt', 'action': 'invocation', 'label': 'start', 'context': [<snowplow_tracker.self_describing_json.SelfDescribingJson object at 0xffff94bd6190>, <snowplow_tracker.self_describing_json.SelfDescribingJson object at 0xffff93cca9d0>, <snowplow_tracker.self_describing_json.SelfDescribingJson object at 0xffff93cca970>]}


============================== 22:14:05.567890 | 0f3dbca6-d46b-46c4-8c53-1f0131a3e533 ==============================
[0m22:14:05.567890 [info ] [MainThread]: Running with dbt=1.9.4


============================== 22:14:05.568815 | 4e755a4f-ce1b-470a-9b27-bf2f72927a65 ==============================
[0m22:14:05.568815 [info ] [MainThread]: Running with dbt=1.9.4
[0m22:14:05.569165 [debug] [MainThread]: running dbt with arguments {'printer_width': '80', 'indirect_selection': 'eager', 'log_cache_events': 'False', 'write_json': 'True', 'partial_parse': 'True', 'cache_selected_only': 'False', 'profiles_dir': '/opt/airflow/dags/dbt', 'fail_fast': 'False', 'debug': 'False', 'log_path': '/opt/airflow/dags/dbt/homework/logs', 'warn_error': 'None', 'version_check': 'True', 'use_colors': 'True', 'use_experimental_parser': 'False', 'no_print': 'None', 'quiet': 'False', 'empty': 'None', 'log_format': 'default', 'static_parser': 'True', 'invocation_command': 'dbt deps --profiles-dir /opt/airflow/dags/dbt --project-dir /opt/airflow/dags/dbt/homework', 'introspect': 'True', 'target_path': 'None', 'warn_error_options': 'WarnErrorOptions(include=[], exclude=[])', 'send_anonymous_usage_stats': 'True'}
[0m22:14:05.570096 [debug] [MainThread]: running dbt with arguments {'printer_width': '80', 'indirect_selection': 'eager', 'write_json': 'True', 'log_cache_events': 'False', 'partial_parse': 'True', 'cache_selected_only': 'False', 'profiles_dir': '/opt/airflow/dags/dbt', 'debug': 'False', 'fail_fast': 'False', 'log_path': '/opt/airflow/dags/dbt/homework/logs', 'version_check': 'True', 'warn_error': 'None', 'use_colors': 'True', 'use_experimental_parser': 'False', 'no_print': 'None', 'quiet': 'False', 'empty': 'None', 'warn_error_options': 'WarnErrorOptions(include=[], exclude=[])', 'invocation_command': 'dbt deps --profiles-dir /opt/airflow/dags/dbt --project-dir /opt/airflow/dags/dbt/homework', 'log_format': 'default', 'introspect': 'True', 'target_path': 'None', 'static_parser': 'True', 'send_anonymous_usage_stats': 'True'}
[0m22:14:05.696231 [debug] [MainThread]: Sending event: {'category': 'dbt', 'action': 'project_id', 'label': '4e755a4f-ce1b-470a-9b27-bf2f72927a65', 'context': [<snowplow_tracker.self_describing_json.SelfDescribingJson object at 0xffff95e1a6a0>]}
[0m22:14:05.696911 [debug] [MainThread]: Sending event: {'category': 'dbt', 'action': 'project_id', 'label': '0f3dbca6-d46b-46c4-8c53-1f0131a3e533', 'context': [<snowplow_tracker.self_describing_json.SelfDescribingJson object at 0xffff941a96a0>]}
[0m22:14:05.724509 [error] [MainThread]: Encountered an error:
[Errno 2] No such file or directory: 'run_functional_test.sh'
[0m22:14:05.727660 [error] [MainThread]: Traceback (most recent call last):
  File "/home/airflow/.local/lib/python3.9/site-packages/dbt/cli/requires.py", line 153, in wrapper
    result, success = func(*args, **kwargs)
  File "/home/airflow/.local/lib/python3.9/site-packages/dbt/cli/requires.py", line 103, in wrapper
    return func(*args, **kwargs)
  File "/home/airflow/.local/lib/python3.9/site-packages/dbt/cli/requires.py", line 218, in wrapper
    return func(*args, **kwargs)
  File "/home/airflow/.local/lib/python3.9/site-packages/dbt/cli/requires.py", line 264, in wrapper
    return func(*args, **kwargs)
  File "/home/airflow/.local/lib/python3.9/site-packages/dbt/cli/main.py", line 455, in deps
    results = task.run()
  File "/home/airflow/.local/lib/python3.9/site-packages/dbt/task/deps.py", line 227, in run
    system.rmtree(self.project.packages_install_path)
  File "/home/airflow/.local/lib/python3.9/site-packages/dbt_common/clients/system.py", line 715, in rmtree
    return shutil.rmtree(path, onerror=chmod_and_retry)
  File "/usr/local/lib/python3.9/shutil.py", line 734, in rmtree
    _rmtree_safe_fd(fd, path, onerror)
  File "/usr/local/lib/python3.9/shutil.py", line 667, in _rmtree_safe_fd
    _rmtree_safe_fd(dirfd, fullname, onerror)
  File "/usr/local/lib/python3.9/shutil.py", line 690, in _rmtree_safe_fd
    onerror(os.unlink, fullname, sys.exc_info())
  File "/usr/local/lib/python3.9/shutil.py", line 688, in _rmtree_safe_fd
    os.unlink(entry.name, dir_fd=topfd)
FileNotFoundError: [Errno 2] No such file or directory: 'run_functional_test.sh'

[0m22:14:05.729133 [debug] [MainThread]: Resource report: {"command_name": "deps", "command_success": false, "command_wall_clock_time": 0.21926208, "process_in_blocks": "38544", "process_kernel_time": 0.194157, "process_mem_max_rss": "85176", "process_out_blocks": "6", "process_user_time": 1.55123}
[0m22:14:05.730762 [debug] [MainThread]: Command `dbt deps` failed at 22:14:05.730632 after 0.22 seconds
[0m22:14:05.731608 [debug] [MainThread]: Sending event: {'category': 'dbt', 'action': 'invocation', 'label': 'end', 'context': [<snowplow_tracker.self_describing_json.SelfDescribingJson object at 0xffff92f651f0>, <snowplow_tracker.self_describing_json.SelfDescribingJson object at 0xffff91f65e20>, <snowplow_tracker.self_describing_json.SelfDescribingJson object at 0xffff91f65d60>]}
[0m22:14:05.732387 [debug] [MainThread]: Flushing usage events
[0m22:14:05.824270 [debug] [MainThread]: Set downloads directory='/tmp/dbt-downloads-30zch8ys'
[0m22:14:05.824996 [debug] [MainThread]: Making package index registry request: GET https://hub.getdbt.com/api/v1/index.json
[0m22:14:06.231022 [debug] [MainThread]: Response from registry index: GET https://hub.getdbt.com/api/v1/index.json 200
[0m22:14:06.231817 [debug] [MainThread]: Making package registry request: GET https://hub.getdbt.com/api/v1/Matts52/dbt_ml_inline_preprocessing.json
[0m22:14:06.570206 [debug] [MainThread]: Response from registry: GET https://hub.getdbt.com/api/v1/Matts52/dbt_ml_inline_preprocessing.json 200
[0m22:14:06.571391 [debug] [MainThread]: Making package registry request: GET https://hub.getdbt.com/api/v1/dbt-labs/dbt_utils.json
[0m22:14:06.603276 [debug] [MainThread]: An error was encountered while trying to flush usage events
[0m22:14:06.792002 [debug] [MainThread]: Response from registry: GET https://hub.getdbt.com/api/v1/dbt-labs/dbt_utils.json 200
[0m22:14:06.795942 [info ] [MainThread]: Installing Matts52/dbt_ml_inline_preprocessing
[0m22:14:07.651275 [info ] [MainThread]: Installed from version 0.2.4
[0m22:14:07.651964 [info ] [MainThread]: Up to date!
[0m22:14:07.653041 [debug] [MainThread]: Sending event: {'category': 'dbt', 'action': 'package', 'label': '4e755a4f-ce1b-470a-9b27-bf2f72927a65', 'property_': 'install', 'context': [<snowplow_tracker.self_describing_json.SelfDescribingJson object at 0xffff93c365b0>, <snowplow_tracker.self_describing_json.SelfDescribingJson object at 0xffff949e1700>]}
[0m22:14:07.653680 [info ] [MainThread]: Installing dbt-labs/dbt_utils
[0m22:14:08.328457 [info ] [MainThread]: Installed from version 1.3.0
[0m22:14:08.329065 [info ] [MainThread]: Up to date!
[0m22:14:08.329651 [debug] [MainThread]: Sending event: {'category': 'dbt', 'action': 'package', 'label': '4e755a4f-ce1b-470a-9b27-bf2f72927a65', 'property_': 'install', 'context': [<snowplow_tracker.self_describing_json.SelfDescribingJson object at 0xffff93c365b0>, <snowplow_tracker.self_describing_json.SelfDescribingJson object at 0xffff93b121f0>]}
[0m22:14:08.331213 [debug] [MainThread]: Resource report: {"command_name": "deps", "command_success": true, "command_wall_clock_time": 2.8213513, "process_in_blocks": "51776", "process_kernel_time": 0.28555, "process_mem_max_rss": "87896", "process_out_blocks": "7053", "process_user_time": 1.689001}
[0m22:14:08.332190 [debug] [MainThread]: Command `dbt deps` succeeded at 22:14:08.332054 after 2.82 seconds
[0m22:14:08.332889 [debug] [MainThread]: Sending event: {'category': 'dbt', 'action': 'invocation', 'label': 'end', 'context': [<snowplow_tracker.self_describing_json.SelfDescribingJson object at 0xffff94bd6190>, <snowplow_tracker.self_describing_json.SelfDescribingJson object at 0xffff95813460>, <snowplow_tracker.self_describing_json.SelfDescribingJson object at 0xffff93d6eaf0>]}
[0m22:14:08.333385 [debug] [MainThread]: Flushing usage events
[0m22:14:08.899628 [debug] [MainThread]: An error was encountered while trying to flush usage events
[0m20:22:22.237336 [debug] [MainThread]: Sending event: {'category': 'dbt', 'action': 'invocation', 'label': 'start', 'context': [<snowplow_tracker.self_describing_json.SelfDescribingJson object at 0x709626a74370>, <snowplow_tracker.self_describing_json.SelfDescribingJson object at 0x709625b960d0>, <snowplow_tracker.self_describing_json.SelfDescribingJson object at 0x709625b96040>]}


============================== 20:22:22.246589 | ace7f075-e279-4fbc-9028-ecb0726736e5 ==============================
[0m20:22:22.246589 [info ] [MainThread]: Running with dbt=1.10.13
[0m20:22:22.247950 [debug] [MainThread]: running dbt with arguments {'send_anonymous_usage_stats': 'True', 'profiles_dir': '/opt/airflow/dags/dbt', 'partial_parse': 'True', 'use_colors': 'True', 'warn_error_options': 'WarnErrorOptionsV2(error=[], warn=[], silence=[])', 'cache_selected_only': 'False', 'quiet': 'False', 'version_check': 'True', 'invocation_command': 'dbt deps --profiles-dir /opt/airflow/dags/dbt --project-dir /opt/airflow/dags/dbt/homework', 'empty': 'None', 'write_json': 'True', 'log_cache_events': 'False', 'introspect': 'True', 'log_path': '/opt/airflow/dags/dbt/homework/logs', 'use_experimental_parser': 'False', 'indirect_selection': 'eager', 'log_format': 'default', 'target_path': 'None', 'printer_width': '80', 'debug': 'False', 'static_parser': 'True', 'fail_fast': 'False', 'no_print': 'None', 'warn_error': 'None'}
[0m20:22:22.442930 [debug] [MainThread]: Sending event: {'category': 'dbt', 'action': 'project_id', 'label': 'ace7f075-e279-4fbc-9028-ecb0726736e5', 'context': [<snowplow_tracker.self_describing_json.SelfDescribingJson object at 0x709625b61f10>]}
[0m20:22:22.839293 [debug] [MainThread]: Set downloads directory='/tmp/dbt-downloads-7v9z3p2m'
[0m20:22:22.840654 [debug] [MainThread]: Making package index registry request: GET https://hub.getdbt.com/api/v1/index.json
[0m20:22:22.984216 [debug] [MainThread]: Sending event: {'category': 'dbt', 'action': 'invocation', 'label': 'start', 'context': [<snowplow_tracker.self_describing_json.SelfDescribingJson object at 0x7f01272a23d0>, <snowplow_tracker.self_describing_json.SelfDescribingJson object at 0x7f01263cfd30>, <snowplow_tracker.self_describing_json.SelfDescribingJson object at 0x7f01263cfcd0>]}


============================== 20:22:22.995075 | 208b3a23-3a0b-4305-b390-c129d3e6df02 ==============================
[0m20:22:22.995075 [info ] [MainThread]: Running with dbt=1.10.13
[0m20:22:22.997275 [debug] [MainThread]: running dbt with arguments {'target_path': 'None', 'indirect_selection': 'eager', 'invocation_command': 'dbt deps --profiles-dir /opt/airflow/dags/dbt --project-dir /opt/airflow/dags/dbt/homework', 'warn_error': 'None', 'static_parser': 'True', 'log_path': '/opt/airflow/dags/dbt/homework/logs', 'use_colors': 'True', 'write_json': 'True', 'profiles_dir': '/opt/airflow/dags/dbt', 'partial_parse': 'True', 'send_anonymous_usage_stats': 'True', 'warn_error_options': 'WarnErrorOptionsV2(error=[], warn=[], silence=[])', 'log_format': 'default', 'printer_width': '80', 'no_print': 'None', 'cache_selected_only': 'False', 'quiet': 'False', 'introspect': 'True', 'debug': 'False', 'version_check': 'True', 'log_cache_events': 'False', 'empty': 'None', 'use_experimental_parser': 'False', 'fail_fast': 'False'}
[0m20:22:23.019924 [debug] [MainThread]: Response from registry index: GET https://hub.getdbt.com/api/v1/index.json 200
[0m20:22:23.021577 [debug] [MainThread]: Making package registry request: GET https://hub.getdbt.com/api/v1/Matts52/dbt_ml_inline_preprocessing.json
[0m20:22:23.203712 [debug] [MainThread]: Sending event: {'category': 'dbt', 'action': 'project_id', 'label': '208b3a23-3a0b-4305-b390-c129d3e6df02', 'context': [<snowplow_tracker.self_describing_json.SelfDescribingJson object at 0x7f01263887c0>]}
[0m20:22:23.235407 [debug] [MainThread]: Set downloads directory='/tmp/dbt-downloads-430k2qxa'
[0m20:22:23.236844 [debug] [MainThread]: Making package index registry request: GET https://hub.getdbt.com/api/v1/index.json
[0m20:22:23.291566 [debug] [MainThread]: Response from registry: GET https://hub.getdbt.com/api/v1/Matts52/dbt_ml_inline_preprocessing.json 200
[0m20:22:23.294447 [debug] [MainThread]: Making package registry request: GET https://hub.getdbt.com/api/v1/dbt-labs/dbt_utils.json
[0m20:22:23.319499 [debug] [MainThread]: Response from registry index: GET https://hub.getdbt.com/api/v1/index.json 200
[0m20:22:23.321028 [debug] [MainThread]: Making package registry request: GET https://hub.getdbt.com/api/v1/Matts52/dbt_ml_inline_preprocessing.json
[0m20:22:23.366889 [debug] [MainThread]: Response from registry: GET https://hub.getdbt.com/api/v1/dbt-labs/dbt_utils.json 200
[0m20:22:23.374719 [info ] [MainThread]: Installing Matts52/dbt_ml_inline_preprocessing
[0m20:22:23.391349 [debug] [MainThread]: Response from registry: GET https://hub.getdbt.com/api/v1/Matts52/dbt_ml_inline_preprocessing.json 200
[0m20:22:23.394673 [debug] [MainThread]: Making package registry request: GET https://hub.getdbt.com/api/v1/dbt-labs/dbt_utils.json
[0m20:22:23.469978 [debug] [MainThread]: Response from registry: GET https://hub.getdbt.com/api/v1/dbt-labs/dbt_utils.json 200
[0m20:22:23.476300 [info ] [MainThread]: Installing Matts52/dbt_ml_inline_preprocessing
[0m20:22:25.154090 [error] [MainThread]: Encountered an error:
[Errno 39] Directory not empty: 'data'
[0m20:22:25.156825 [error] [MainThread]: Traceback (most recent call last):
  File "/home/airflow/.local/lib/python3.9/site-packages/dbt/cli/requires.py", line 178, in wrapper
    result, success = func(*args, **kwargs)
  File "/home/airflow/.local/lib/python3.9/site-packages/dbt/cli/requires.py", line 128, in wrapper
    return func(*args, **kwargs)
  File "/home/airflow/.local/lib/python3.9/site-packages/dbt/cli/requires.py", line 254, in wrapper
    return func(*args, **kwargs)
  File "/home/airflow/.local/lib/python3.9/site-packages/dbt/cli/requires.py", line 303, in wrapper
    return func(*args, **kwargs)
  File "/home/airflow/.local/lib/python3.9/site-packages/dbt/cli/main.py", line 461, in deps
    results = task.run()
  File "/home/airflow/.local/lib/python3.9/site-packages/dbt/task/deps.py", line 258, in run
    package.install(self.project, renderer)
  File "/home/airflow/.local/lib/python3.9/site-packages/dbt/deps/registry.py", line 63, in install
    self._install(project, renderer)
  File "/home/airflow/.local/lib/python3.9/site-packages/dbt/deps/base.py", line 121, in _install
    connection_exception_retry(download_untar_fn, 5)
  File "/home/airflow/.local/lib/python3.9/site-packages/dbt_common/utils/connection.py", line 22, in connection_exception_retry
    return fn()
  File "/home/airflow/.local/lib/python3.9/site-packages/dbt/deps/base.py", line 133, in download_and_untar
    system.untar_package(tar_path, deps_path, package_name)
  File "/home/airflow/.local/lib/python3.9/site-packages/dbt_common/clients/system.py", line 649, in untar_package
    dbt_common.clients.system.rename(downloaded_path, desired_path, force=True)
  File "/home/airflow/.local/lib/python3.9/site-packages/dbt_common/clients/system.py", line 610, in rename
    rmdir(to_path)
  File "/home/airflow/.local/lib/python3.9/site-packages/dbt_common/clients/system.py", line 351, in rmdir
    shutil.rmtree(path, onerror=onerror)
  File "/usr/local/lib/python3.9/shutil.py", line 734, in rmtree
    _rmtree_safe_fd(fd, path, onerror)
  File "/usr/local/lib/python3.9/shutil.py", line 667, in _rmtree_safe_fd
    _rmtree_safe_fd(dirfd, fullname, onerror)
  File "/usr/local/lib/python3.9/shutil.py", line 673, in _rmtree_safe_fd
    onerror(os.rmdir, fullname, sys.exc_info())
  File "/usr/local/lib/python3.9/shutil.py", line 671, in _rmtree_safe_fd
    os.rmdir(entry.name, dir_fd=topfd)
OSError: [Errno 39] Directory not empty: 'data'

[0m20:22:25.159197 [debug] [MainThread]: Resource report: {"command_name": "deps", "command_success": false, "command_wall_clock_time": 2.2837956, "process_in_blocks": "0", "process_kernel_time": 0.466174, "process_mem_max_rss": "97904", "process_out_blocks": "6360", "process_user_time": 2.784882}
[0m20:22:25.160739 [debug] [MainThread]: Command `dbt deps` failed at 20:22:25.160510 after 2.29 seconds
[0m20:22:25.161941 [debug] [MainThread]: Sending event: {'category': 'dbt', 'action': 'invocation', 'label': 'end', 'context': [<snowplow_tracker.self_describing_json.SelfDescribingJson object at 0x7f01272a23d0>, <snowplow_tracker.self_describing_json.SelfDescribingJson object at 0x7f01270db5e0>, <snowplow_tracker.self_describing_json.SelfDescribingJson object at 0x7f01261bb430>]}
[0m20:22:25.163121 [debug] [MainThread]: Flushing usage events
[0m20:22:25.879868 [debug] [MainThread]: An error was encountered while trying to flush usage events
[0m20:22:26.495943 [info ] [MainThread]: Installed from version 0.2.4
[0m20:22:26.497166 [info ] [MainThread]: Updated version available: 0.2.8
[0m20:22:26.498727 [debug] [MainThread]: Sending event: {'category': 'dbt', 'action': 'package', 'label': 'ace7f075-e279-4fbc-9028-ecb0726736e5', 'property_': 'install', 'context': [<snowplow_tracker.self_describing_json.SelfDescribingJson object at 0x709625a6b520>, <snowplow_tracker.self_describing_json.SelfDescribingJson object at 0x709625967d30>]}
[0m20:22:26.500065 [info ] [MainThread]: Installing dbt-labs/dbt_utils
[0m20:22:30.103621 [info ] [MainThread]: Installed from version 1.3.0
[0m20:22:30.104888 [info ] [MainThread]: Updated version available: 1.3.2
[0m20:22:30.106313 [debug] [MainThread]: Sending event: {'category': 'dbt', 'action': 'package', 'label': 'ace7f075-e279-4fbc-9028-ecb0726736e5', 'property_': 'install', 'context': [<snowplow_tracker.self_describing_json.SelfDescribingJson object at 0x709625a6b520>, <snowplow_tracker.self_describing_json.SelfDescribingJson object at 0x709625967310>]}
[0m20:22:30.107566 [info ] [MainThread]: 
[0m20:22:30.108734 [info ] [MainThread]: Updates available for packages: ['Matts52/dbt_ml_inline_preprocessing', 'dbt-labs/dbt_utils']                 
Update your versions in packages.yml, then run dbt deps
[0m20:22:30.111711 [debug] [MainThread]: Resource report: {"command_name": "deps", "command_success": true, "command_wall_clock_time": 7.977654, "process_in_blocks": "0", "process_kernel_time": 0.945174, "process_mem_max_rss": "97984", "process_out_blocks": "6528", "process_user_time": 3.012229}
[0m20:22:30.113507 [debug] [MainThread]: Command `dbt deps` succeeded at 20:22:30.113291 after 7.98 seconds
[0m20:22:30.114871 [debug] [MainThread]: Sending event: {'category': 'dbt', 'action': 'invocation', 'label': 'end', 'context': [<snowplow_tracker.self_describing_json.SelfDescribingJson object at 0x709626a74370>, <snowplow_tracker.self_describing_json.SelfDescribingJson object at 0x7096281a2c10>, <snowplow_tracker.self_describing_json.SelfDescribingJson object at 0x709625bd4160>]}
[0m20:22:30.116428 [debug] [MainThread]: Flushing usage events
[0m20:22:30.743602 [debug] [MainThread]: An error was encountered while trying to flush usage events
